<?xml version="1.0" encoding="UTF-8"?>
<testng-results skipped="0" failed="0" ignored="0" total="1" passed="1">
  <reporter-output>
    <line>
      <![CDATA[This is a log message]]>
    </line>
  </reporter-output>
  <suite name="Default Suite" duration-ms="13" started-at="2023-08-20T13:26:47Z" finished-at="2023-08-20T13:26:47Z">
    <groups>
    </groups>
    <test name="AutoTestSeleniumV1" duration-ms="13" started-at="2023-08-20T13:26:47Z" finished-at="2023-08-20T13:26:47Z">
      <class name="example.testng.TestReportAndLogExample">
        <test-method status="PASS" signature="testMethod()[pri:0, instance:example.testng.TestReportAndLogExample@4f638935]" name="testMethod" duration-ms="4" started-at="2023-08-20T20:26:47Z" finished-at="2023-08-20T20:26:47Z">
          <reporter-output>
            <line>
              <![CDATA[This is a log message]]>
            </line>
          </reporter-output>
        </test-method> <!-- testMethod -->
      </class> <!-- example.testng.TestReportAndLogExample -->
    </test> <!-- AutoTestSeleniumV1 -->
  </suite> <!-- Default Suite -->
</testng-results>
